2020-06-17 10:43:52,965 [MainThread  ] [INFO ]  Logged in as u/rDuklockBot
2020-06-17 10:47:51,146 [MainThread  ] [INFO ]  Logged in as u/rDuklockBot
2020-06-17 10:54:45,673 [MainThread  ] [INFO ]  Logged in as u/rDuklockBot
2020-06-17 10:54:56,322 [MainThread  ] [INFO ]  Logged in as u/rDuklockBot
2020-06-17 11:29:13,393 [MainThread  ] [CRITI]  received 401 HTTP response
2020-06-17 11:29:13,393 [MainThread  ] [INFO ]  Login credentials are not correct.
2020-06-17 12:10:56,904 [MainThread  ] [CRITI]  received 401 HTTP response
2020-06-17 12:10:56,905 [MainThread  ] [CRITI]  Login credentials are not correct.
2020-06-17 12:31:27,383 [MainThread  ] [CRITI]  name 'client_id' is not defined
2020-06-17 12:31:27,384 [MainThread  ] [CRITI]  Login credentials are not correct.
2020-06-17 12:33:23,801 [MainThread  ] [CRITI]  Reddit is read only
2020-06-17 12:33:29,179 [MainThread  ] [CRITI]  Reddit is read only
2020-06-17 12:33:39,586 [MainThread  ] [CRITI]  Reddit is read only
2020-06-17 12:34:24,647 [MainThread  ] [WARNI]  You are connected to - ('PostgreSQL 12.3 (Ubuntu 12.3-1.pgdg16.04+1) on x86_64-pc-linux-gnu, compiled by gcc (Ubuntu 5.4.0-6ubuntu1~16.04.12) 5.4.0 20160609, 64-bit',)

2020-06-17 12:34:33,607 [MainThread  ] [WARNI]  You are connected to - ('PostgreSQL 12.3 (Ubuntu 12.3-1.pgdg16.04+1) on x86_64-pc-linux-gnu, compiled by gcc (Ubuntu 5.4.0-6ubuntu1~16.04.12) 5.4.0 20160609, 64-bit',)

2020-06-17 14:06:53,035 [MainThread  ] [CRITI]  name 'client_id' is not defined
2020-06-17 14:06:53,036 [MainThread  ] [CRITI]  Login credentials are not correct.
2020-06-17 14:07:03,682 [MainThread  ] [CRITI]  name 'client_id' is not defined
2020-06-17 14:07:03,682 [MainThread  ] [CRITI]  Login credentials are not correct.
2020-06-17 14:07:48,832 [MainThread  ] [CRITI]  name 'client_id' is not defined
2020-06-17 14:07:48,833 [MainThread  ] [CRITI]  Login credentials are not correct.
2020-06-17 14:08:32,942 [MainThread  ] [CRITI]  name 'client_id' is not defined
2020-06-17 14:08:32,943 [MainThread  ] [CRITI]  Login credentials are not correct.
2020-06-17 14:12:28,570 [MainThread  ] [WARNI]  test
2020-06-17 14:15:20,929 [MainThread  ] [CRITI]  Error while connecting to PostgreSQL 
2020-06-17 14:15:46,210 [MainThread  ] [CRITI]  Error while connecting to PostgreSQL 
2020-06-17 14:19:25,458 [MainThread  ] [CRITI]  Error while connecting to PostgreSQL could not connect to server: Connection timed out (0x0000274C/10060)
	Is the server running on host "ec2-54-246-85-151.eu-west-1.compute.amazonaws.com" (54.246.85.151) and accepting
	TCP/IP connections on port 54322?

2020-06-17 14:20:10,358 [MainThread  ] [INFO ]  Logged in as u/
2020-06-17 14:20:19,920 [MainThread  ] [INFO ]  You are connected to - ('PostgreSQL 12.3 (Ubuntu 12.3-1.pgdg16.04+1) on x86_64-pc-linux-gnu, compiled by gcc (Ubuntu 5.4.0-6ubuntu1~16.04.12) 5.4.0 20160609, 64-bit',)
2020-06-17 14:20:25,535 [MainThread  ] [INFO ]  You are connected to - ('PostgreSQL 12.3 (Ubuntu 12.3-1.pgdg16.04+1) on x86_64-pc-linux-gnu, compiled by gcc (Ubuntu 5.4.0-6ubuntu1~16.04.12) 5.4.0 20160609, 64-bit',)
2020-06-17 14:20:25,539 [MainThread  ] [CRITI]  name 'client_id' is not defined
2020-06-17 14:20:25,549 [MainThread  ] [CRITI]  Login credentials are not correct.
2020-06-17 14:20:50,030 [MainThread  ] [INFO ]  You are connected to - ('PostgreSQL 12.3 (Ubuntu 12.3-1.pgdg16.04+1) on x86_64-pc-linux-gnu, compiled by gcc (Ubuntu 5.4.0-6ubuntu1~16.04.12) 5.4.0 20160609, 64-bit',)
2020-06-17 14:20:50,867 [MainThread  ] [CRITI]  received 401 HTTP response
2020-06-17 14:20:50,868 [MainThread  ] [CRITI]  Login credentials are not correct.
2020-06-17 14:21:01,616 [MainThread  ] [INFO ]  You are connected to - ('PostgreSQL 12.3 (Ubuntu 12.3-1.pgdg16.04+1) on x86_64-pc-linux-gnu, compiled by gcc (Ubuntu 5.4.0-6ubuntu1~16.04.12) 5.4.0 20160609, 64-bit',)
2020-06-17 14:21:02,441 [MainThread  ] [INFO ]  Logged in as u/rDuklockBot
2020-06-17 14:24:37,609 [sql.py/<module>] [INFO ]  You are connected to - ('PostgreSQL 12.3 (Ubuntu 12.3-1.pgdg16.04+1) on x86_64-pc-linux-gnu, compiled by gcc (Ubuntu 5.4.0-6ubuntu1~16.04.12) 5.4.0 20160609, 64-bit',)
2020-06-17 14:25:16,898 [sql.py/<module>] [INFO ]  You are connected to - ('PostgreSQL 12.3 (Ubuntu 12.3-1.pgdg16.04+1) on x86_64-pc-linux-gnu, compiled by gcc (Ubuntu 5.4.0-6ubuntu1~16.04.12) 5.4.0 20160609, 64-bit',)
2020-06-17 14:25:18,053 [reddit.py/<module>] [INFO ]  Logged in as u/rDuklockBot
2020-06-17 14:25:43,390 [sql/<module>] [INFO ]  You are connected to - ('PostgreSQL 12.3 (Ubuntu 12.3-1.pgdg16.04+1) on x86_64-pc-linux-gnu, compiled by gcc (Ubuntu 5.4.0-6ubuntu1~16.04.12) 5.4.0 20160609, 64-bit',)
2020-06-17 14:25:49,878 [sql/<module>] [INFO ]  You are connected to - ('PostgreSQL 12.3 (Ubuntu 12.3-1.pgdg16.04+1) on x86_64-pc-linux-gnu, compiled by gcc (Ubuntu 5.4.0-6ubuntu1~16.04.12) 5.4.0 20160609, 64-bit',)
2020-06-17 14:25:51,385 [reddit/<module>] [INFO ]  Logged in as u/rDuklockBot
2020-06-17 14:39:20,151 [da_sql/<module>] [INFO ]  You are connected to - ('PostgreSQL 12.3 (Ubuntu 12.3-1.pgdg16.04+1) on x86_64-pc-linux-gnu, compiled by gcc (Ubuntu 5.4.0-6ubuntu1~16.04.12) 5.4.0 20160609, 64-bit',)
2020-06-17 14:39:20,153 [client/login] [INFO ]  logging in using static token
2020-06-17 14:39:20,652 [gateway/from_client] [INFO ]  Created websocket connected to wss://gateway.discord.gg?encoding=json&v=6&compress=zlib-stream
2020-06-17 14:39:20,655 [gateway/identify] [INFO ]  Shard ID None has sent the IDENTIFY payload.
2020-06-17 14:39:20,838 [gateway/received_message] [INFO ]  Shard ID None has connected to Gateway: ["gateway-prd-main-fpmq",{"micros":61829,"calls":["discord-sessions-prd-1-24",{"micros":59313,"calls":["start_session",{"micros":57154,"calls":["api-prd-main-mmz9",{"micros":46515,"calls":["get_user",{"micros":5075},"add_authorized_ip",{"micros":1677},"get_guilds",{"micros":6855},"coros_wait",{"micros":1}]}]},"guilds_connect",{"micros":3,"calls":[]},"presence_connect",{"micros":2,"calls":[]}]}]}] (Session ID: 7796484917ec07ac73086540d043b3ec).
2020-06-17 14:39:22,857 [da_sql/on_ready] [INFO ]  'We have logged in as {0.user}'.format(bot)
2020-06-17 14:43:31,816 [da_sql/<module>] [INFO ]  You are connected to - ('PostgreSQL 12.3 (Ubuntu 12.3-1.pgdg16.04+1) on x86_64-pc-linux-gnu, compiled by gcc (Ubuntu 5.4.0-6ubuntu1~16.04.12) 5.4.0 20160609, 64-bit',)
2020-06-17 14:43:34,536 [da_sql/on_ready] [INFO ]  'We have logged in as {0.user}'.format(bot)
2020-06-17 14:45:40,932 [da_sql/<module>] [INFO ]  You are connected to - ('PostgreSQL 12.3 (Ubuntu 12.3-1.pgdg16.04+1) on x86_64-pc-linux-gnu, compiled by gcc (Ubuntu 5.4.0-6ubuntu1~16.04.12) 5.4.0 20160609, 64-bit',)
2020-06-17 14:45:43,635 [da_sql/on_ready] [INFO ]  We have logged in as backslash#5653
2020-06-17 14:47:20,939 [da_sql/<module>] [INFO ]  You are connected to - ('PostgreSQL 12.3 (Ubuntu 12.3-1.pgdg16.04+1) on x86_64-pc-linux-gnu, compiled by gcc (Ubuntu 5.4.0-6ubuntu1~16.04.12) 5.4.0 20160609, 64-bit',)
2020-06-17 14:47:23,723 [da_sql/on_ready] [INFO ]  We have logged in as backslash#5653
2020-06-17 14:47:33,158 [da_sql/<module>] [INFO ]  You are connected to - ('PostgreSQL 12.3 (Ubuntu 12.3-1.pgdg16.04+1) on x86_64-pc-linux-gnu, compiled by gcc (Ubuntu 5.4.0-6ubuntu1~16.04.12) 5.4.0 20160609, 64-bit',)
2020-06-17 14:47:35,909 [da_sql/on_ready] [INFO ]  We have logged in as backslash#5653
2020-06-17 14:50:23,352 [da_sql/<module>] [INFO ]  You are connected to - ('PostgreSQL 12.3 (Ubuntu 12.3-1.pgdg16.04+1) on x86_64-pc-linux-gnu, compiled by gcc (Ubuntu 5.4.0-6ubuntu1~16.04.12) 5.4.0 20160609, 64-bit',)
2020-06-17 14:50:26,066 [da_sql/on_ready] [INFO ]  We have logged in as backslash#5653
2020-06-17 14:50:35,925 [da_sql/<module>] [INFO ]  You are connected to - ('PostgreSQL 12.3 (Ubuntu 12.3-1.pgdg16.04+1) on x86_64-pc-linux-gnu, compiled by gcc (Ubuntu 5.4.0-6ubuntu1~16.04.12) 5.4.0 20160609, 64-bit',)
2020-06-17 14:50:38,656 [da_sql/on_ready] [INFO ]  We have logged in as backslash#5653
2020-06-17 14:51:01,868 [da_sql/<module>] [INFO ]  You are connected to - ('PostgreSQL 12.3 (Ubuntu 12.3-1.pgdg16.04+1) on x86_64-pc-linux-gnu, compiled by gcc (Ubuntu 5.4.0-6ubuntu1~16.04.12) 5.4.0 20160609, 64-bit',)
2020-06-17 14:51:04,739 [da_sql/on_ready] [INFO ]  We have logged in as backslash#5653
2020-06-17 15:08:03,172 [da_sql/<module>] [INFO ]  You are connected to - ('PostgreSQL 12.3 (Ubuntu 12.3-1.pgdg16.04+1) on x86_64-pc-linux-gnu, compiled by gcc (Ubuntu 5.4.0-6ubuntu1~16.04.12) 5.4.0 20160609, 64-bit',)
2020-06-17 15:08:08,609 [sql/<module>] [INFO ]  You are connected to - ('PostgreSQL 12.3 (Ubuntu 12.3-1.pgdg16.04+1) on x86_64-pc-linux-gnu, compiled by gcc (Ubuntu 5.4.0-6ubuntu1~16.04.12) 5.4.0 20160609, 64-bit',)
2020-06-17 15:08:09,553 [reddit/<module>] [INFO ]  Logged in as u/rDuklockBot
2020-06-17 15:08:33,798 [reddit/main] [INFO ]  Removed submission haqshw
2020-06-17 15:08:46,186 [da_sql/<module>] [INFO ]  You are connected to - ('PostgreSQL 12.3 (Ubuntu 12.3-1.pgdg16.04+1) on x86_64-pc-linux-gnu, compiled by gcc (Ubuntu 5.4.0-6ubuntu1~16.04.12) 5.4.0 20160609, 64-bit',)
2020-06-17 15:08:48,914 [da_sql/on_ready] [INFO ]  We have logged in as backslash#5653
2020-06-17 15:25:26,998 [setup/<module>] [INFO ]  You are connected to - ('PostgreSQL 12.3 (Ubuntu 12.3-1.pgdg16.04+1) on x86_64-pc-linux-gnu, compiled by gcc (Ubuntu 5.4.0-6ubuntu1~16.04.12) 5.4.0 20160609, 64-bit',)
2020-06-17 15:26:40,341 [setup/<module>] [INFO ]  You are connected to - ('PostgreSQL 12.3 (Ubuntu 12.3-1.pgdg16.04+1) on x86_64-pc-linux-gnu, compiled by gcc (Ubuntu 5.4.0-6ubuntu1~16.04.12) 5.4.0 20160609, 64-bit',)
2020-06-17 15:26:56,547 [setup/<module>] [INFO ]  You are connected to - ('PostgreSQL 12.3 (Ubuntu 12.3-1.pgdg16.04+1) on x86_64-pc-linux-gnu, compiled by gcc (Ubuntu 5.4.0-6ubuntu1~16.04.12) 5.4.0 20160609, 64-bit',)
2020-06-17 15:28:11,789 [setup/<module>] [INFO ]  You are connected to - ('PostgreSQL 12.3 (Ubuntu 12.3-1.pgdg16.04+1) on x86_64-pc-linux-gnu, compiled by gcc (Ubuntu 5.4.0-6ubuntu1~16.04.12) 5.4.0 20160609, 64-bit',)
2020-06-17 15:28:11,910 [setup/<module>] [CRITI]  system already set up.
2020-06-17 15:33:53,112 [setup/<module>] [INFO ]  You are connected to - ('PostgreSQL 12.3 (Ubuntu 12.3-1.pgdg16.04+1) on x86_64-pc-linux-gnu, compiled by gcc (Ubuntu 5.4.0-6ubuntu1~16.04.12) 5.4.0 20160609, 64-bit',)
2020-06-17 15:34:54,563 [setup/<module>] [INFO ]  You are connected to - ('PostgreSQL 12.3 (Ubuntu 12.3-1.pgdg16.04+1) on x86_64-pc-linux-gnu, compiled by gcc (Ubuntu 5.4.0-6ubuntu1~16.04.12) 5.4.0 20160609, 64-bit',)
2020-06-17 15:35:05,540 [setup/<module>] [INFO ]  You are connected to - ('PostgreSQL 12.3 (Ubuntu 12.3-1.pgdg16.04+1) on x86_64-pc-linux-gnu, compiled by gcc (Ubuntu 5.4.0-6ubuntu1~16.04.12) 5.4.0 20160609, 64-bit',)
2020-06-17 15:35:17,937 [setup/<module>] [INFO ]  You are connected to - ('PostgreSQL 12.3 (Ubuntu 12.3-1.pgdg16.04+1) on x86_64-pc-linux-gnu, compiled by gcc (Ubuntu 5.4.0-6ubuntu1~16.04.12) 5.4.0 20160609, 64-bit',)
2020-06-17 15:35:59,886 [setup/<module>] [INFO ]  You are connected to - ('PostgreSQL 12.3 (Ubuntu 12.3-1.pgdg16.04+1) on x86_64-pc-linux-gnu, compiled by gcc (Ubuntu 5.4.0-6ubuntu1~16.04.12) 5.4.0 20160609, 64-bit',)
2020-06-17 15:36:28,387 [setup/<module>] [INFO ]  You are connected to - ('PostgreSQL 12.3 (Ubuntu 12.3-1.pgdg16.04+1) on x86_64-pc-linux-gnu, compiled by gcc (Ubuntu 5.4.0-6ubuntu1~16.04.12) 5.4.0 20160609, 64-bit',)
2020-06-17 15:38:36,676 [setup/<module>] [INFO ]  You are connected to - ('PostgreSQL 12.3 (Ubuntu 12.3-1.pgdg16.04+1) on x86_64-pc-linux-gnu, compiled by gcc (Ubuntu 5.4.0-6ubuntu1~16.04.12) 5.4.0 20160609, 64-bit',)
2020-06-17 15:39:48,067 [setup/<module>] [INFO ]  You are connected to - ('PostgreSQL 12.3 (Ubuntu 12.3-1.pgdg16.04+1) on x86_64-pc-linux-gnu, compiled by gcc (Ubuntu 5.4.0-6ubuntu1~16.04.12) 5.4.0 20160609, 64-bit',)
2020-06-17 15:48:20,349 [setup/<module>] [INFO ]  You are connected to - ('PostgreSQL 12.3 (Ubuntu 12.3-1.pgdg16.04+1) on x86_64-pc-linux-gnu, compiled by gcc (Ubuntu 5.4.0-6ubuntu1~16.04.12) 5.4.0 20160609, 64-bit',)
2020-06-17 15:49:23,049 [setup/<module>] [INFO ]  You are connected to - ('PostgreSQL 12.3 (Ubuntu 12.3-1.pgdg16.04+1) on x86_64-pc-linux-gnu, compiled by gcc (Ubuntu 5.4.0-6ubuntu1~16.04.12) 5.4.0 20160609, 64-bit',)
2020-06-17 15:50:40,970 [setup/<module>] [INFO ]  You are connected to - ('PostgreSQL 12.3 (Ubuntu 12.3-1.pgdg16.04+1) on x86_64-pc-linux-gnu, compiled by gcc (Ubuntu 5.4.0-6ubuntu1~16.04.12) 5.4.0 20160609, 64-bit',)
2020-06-17 15:52:05,932 [setup/<module>] [INFO ]  You are connected to - ('PostgreSQL 12.3 (Ubuntu 12.3-1.pgdg16.04+1) on x86_64-pc-linux-gnu, compiled by gcc (Ubuntu 5.4.0-6ubuntu1~16.04.12) 5.4.0 20160609, 64-bit',)
2020-06-17 15:52:14,702 [setup/<module>] [INFO ]  You are connected to - ('PostgreSQL 12.3 (Ubuntu 12.3-1.pgdg16.04+1) on x86_64-pc-linux-gnu, compiled by gcc (Ubuntu 5.4.0-6ubuntu1~16.04.12) 5.4.0 20160609, 64-bit',)
2020-06-17 15:57:43,678 [setup/<module>] [INFO ]  You are connected to - ('PostgreSQL 12.3 (Ubuntu 12.3-1.pgdg16.04+1) on x86_64-pc-linux-gnu, compiled by gcc (Ubuntu 5.4.0-6ubuntu1~16.04.12) 5.4.0 20160609, 64-bit',)
2020-06-17 15:58:57,289 [setup/<module>] [INFO ]  You are connected to - ('PostgreSQL 12.3 (Ubuntu 12.3-1.pgdg16.04+1) on x86_64-pc-linux-gnu, compiled by gcc (Ubuntu 5.4.0-6ubuntu1~16.04.12) 5.4.0 20160609, 64-bit',)
2020-06-17 16:00:57,066 [setup/<module>] [INFO ]  You are connected to - ('PostgreSQL 12.3 (Ubuntu 12.3-1.pgdg16.04+1) on x86_64-pc-linux-gnu, compiled by gcc (Ubuntu 5.4.0-6ubuntu1~16.04.12) 5.4.0 20160609, 64-bit',)
2020-06-17 16:04:08,096 [setup/<module>] [INFO ]  You are connected to - ('PostgreSQL 12.3 (Ubuntu 12.3-1.pgdg16.04+1) on x86_64-pc-linux-gnu, compiled by gcc (Ubuntu 5.4.0-6ubuntu1~16.04.12) 5.4.0 20160609, 64-bit',)
2020-06-17 16:05:13,395 [setup/<module>] [INFO ]  You are connected to - ('PostgreSQL 12.3 (Ubuntu 12.3-1.pgdg16.04+1) on x86_64-pc-linux-gnu, compiled by gcc (Ubuntu 5.4.0-6ubuntu1~16.04.12) 5.4.0 20160609, 64-bit',)
2020-06-17 16:07:29,841 [setup/<module>] [INFO ]  You are connected to - ('PostgreSQL 12.3 (Ubuntu 12.3-1.pgdg16.04+1) on x86_64-pc-linux-gnu, compiled by gcc (Ubuntu 5.4.0-6ubuntu1~16.04.12) 5.4.0 20160609, 64-bit',)
2020-06-17 16:07:47,612 [setup/<module>] [INFO ]  You are connected to - ('PostgreSQL 12.3 (Ubuntu 12.3-1.pgdg16.04+1) on x86_64-pc-linux-gnu, compiled by gcc (Ubuntu 5.4.0-6ubuntu1~16.04.12) 5.4.0 20160609, 64-bit',)
2020-06-17 16:08:23,964 [setup/<module>] [INFO ]  You are connected to - ('PostgreSQL 12.3 (Ubuntu 12.3-1.pgdg16.04+1) on x86_64-pc-linux-gnu, compiled by gcc (Ubuntu 5.4.0-6ubuntu1~16.04.12) 5.4.0 20160609, 64-bit',)
2020-06-17 16:08:40,581 [setup/<module>] [INFO ]  You are connected to - ('PostgreSQL 12.3 (Ubuntu 12.3-1.pgdg16.04+1) on x86_64-pc-linux-gnu, compiled by gcc (Ubuntu 5.4.0-6ubuntu1~16.04.12) 5.4.0 20160609, 64-bit',)
2020-06-17 18:07:38,258 [setup/<module>] [INFO ]  You are connected to - ('PostgreSQL 12.3 (Ubuntu 12.3-1.pgdg16.04+1) on x86_64-pc-linux-gnu, compiled by gcc (Ubuntu 5.4.0-6ubuntu1~16.04.12) 5.4.0 20160609, 64-bit',)
2020-06-17 18:08:42,480 [setup/<module>] [INFO ]  You are connected to - ('PostgreSQL 12.3 (Ubuntu 12.3-1.pgdg16.04+1) on x86_64-pc-linux-gnu, compiled by gcc (Ubuntu 5.4.0-6ubuntu1~16.04.12) 5.4.0 20160609, 64-bit',)
2020-06-17 18:10:25,683 [setup/<module>] [INFO ]  You are connected to - ('PostgreSQL 12.3 (Ubuntu 12.3-1.pgdg16.04+1) on x86_64-pc-linux-gnu, compiled by gcc (Ubuntu 5.4.0-6ubuntu1~16.04.12) 5.4.0 20160609, 64-bit',)
2020-06-17 18:11:33,637 [setup/<module>] [INFO ]  You are connected to - ('PostgreSQL 12.3 (Ubuntu 12.3-1.pgdg16.04+1) on x86_64-pc-linux-gnu, compiled by gcc (Ubuntu 5.4.0-6ubuntu1~16.04.12) 5.4.0 20160609, 64-bit',)
2020-06-17 18:11:33,760 [setup/check_tables] [INFO ]  setup finished
2020-06-17 18:12:19,282 [setup/<module>] [INFO ]  You are connected to - ('PostgreSQL 12.3 (Ubuntu 12.3-1.pgdg16.04+1) on x86_64-pc-linux-gnu, compiled by gcc (Ubuntu 5.4.0-6ubuntu1~16.04.12) 5.4.0 20160609, 64-bit',)
2020-06-17 18:12:19,848 [setup/check_tables] [INFO ]  setup finished
2020-06-17 18:15:20,551 [sql/<module>] [INFO ]  You are connected to - ('PostgreSQL 12.3 (Ubuntu 12.3-1.pgdg16.04+1) on x86_64-pc-linux-gnu, compiled by gcc (Ubuntu 5.4.0-6ubuntu1~16.04.12) 5.4.0 20160609, 64-bit',)
2020-06-17 18:15:22,008 [reddit/<module>] [INFO ]  Logged in as u/rDuklockBot
2020-06-17 18:15:47,176 [da_sql/<module>] [INFO ]  You are connected to - ('PostgreSQL 12.3 (Ubuntu 12.3-1.pgdg16.04+1) on x86_64-pc-linux-gnu, compiled by gcc (Ubuntu 5.4.0-6ubuntu1~16.04.12) 5.4.0 20160609, 64-bit',)
2020-06-17 18:15:49,885 [da_sql/on_ready] [INFO ]  We have logged in as backslash#5653
2020-06-17 18:15:56,471 [da_sql/fetchall] [ERROR]  column "rem_posts" does not exist
LINE 3:         order by rem_posts DESC
                         ^

2020-06-17 18:16:52,522 [da_sql/<module>] [INFO ]  You are connected to - ('PostgreSQL 12.3 (Ubuntu 12.3-1.pgdg16.04+1) on x86_64-pc-linux-gnu, compiled by gcc (Ubuntu 5.4.0-6ubuntu1~16.04.12) 5.4.0 20160609, 64-bit',)
2020-06-17 18:16:55,250 [da_sql/on_ready] [INFO ]  We have logged in as backslash#5653
2020-06-17 18:17:19,591 [reddit/main] [INFO ]  Removed submission haucjt
